getting listings: (nothing to do)
getting listings: (nothing to do)
Aucun programme pour la chaîne 23 één le 2022-11-04
Aucun programme pour la chaîne 61 DW (English) le 2022-11-04
Aucun programme pour la chaîne 184 M6 Boutique le 2022-11-04
getting listings: (nothing to do)
Aucun programme pour la chaîne 200 RSI LA 1 le 2022-11-04
Aucun programme pour la chaîne 201 RSI LA 2 le 2022-11-04
Use of uninitialized value $chname in pattern match (m//) at /home/runner/work/xmltv/xmltv/scripts/tv_grab_fr_telerama/tv_grab_fr_telerama line 1189.
Use of uninitialized value $chname in pattern match (m//) at /home/runner/work/xmltv/xmltv/scripts/tv_grab_fr_telerama/tv_grab_fr_telerama line 1192.
Use of uninitialized value $chname in pattern match (m//) at /home/runner/work/xmltv/xmltv/scripts/tv_grab_fr_telerama/tv_grab_fr_telerama line 1189.
Use of uninitialized value $chname in pattern match (m//) at /home/runner/work/xmltv/xmltv/scripts/tv_grab_fr_telerama/tv_grab_fr_telerama line 1192.
Use of uninitialized value $chname in pattern match (m//) at /home/runner/work/xmltv/xmltv/scripts/tv_grab_fr_telerama/tv_grab_fr_telerama line 1189.
Use of uninitialized value $chname in pattern match (m//) at /home/runner/work/xmltv/xmltv/scripts/tv_grab_fr_telerama/tv_grab_fr_telerama line 1192.
Use of uninitialized value $chname in pattern match (m//) at /home/runner/work/xmltv/xmltv/scripts/tv_grab_fr_telerama/tv_grab_fr_telerama line 1189.
Use of uninitialized value $chname in pattern match (m//) at /home/runner/work/xmltv/xmltv/scripts/tv_grab_fr_telerama/tv_grab_fr_telerama line 1192.
Use of uninitialized value $chname in pattern match (m//) at /home/runner/work/xmltv/xmltv/scripts/tv_grab_fr_telerama/tv_grab_fr_telerama line 1189.
Use of uninitialized value $chname in pattern match (m//) at /home/runner/work/xmltv/xmltv/scripts/tv_grab_fr_telerama/tv_grab_fr_telerama line 1192.
Use of uninitialized value $chname in pattern match (m//) at /home/runner/work/xmltv/xmltv/scripts/tv_grab_fr_telerama/tv_grab_fr_telerama line 1189.
Use of uninitialized value $chname in pattern match (m//) at /home/runner/work/xmltv/xmltv/scripts/tv_grab_fr_telerama/tv_grab_fr_telerama line 1192.
Use of uninitialized value $chname in pattern match (m//) at /home/runner/work/xmltv/xmltv/scripts/tv_grab_fr_telerama/tv_grab_fr_telerama line 1189.
Use of uninitialized value $chname in pattern match (m//) at /home/runner/work/xmltv/xmltv/scripts/tv_grab_fr_telerama/tv_grab_fr_telerama line 1192.
Use of uninitialized value $chname in pattern match (m//) at /home/runner/work/xmltv/xmltv/scripts/tv_grab_fr_telerama/tv_grab_fr_telerama line 1189.
Use of uninitialized value $chname in pattern match (m//) at /home/runner/work/xmltv/xmltv/scripts/tv_grab_fr_telerama/tv_grab_fr_telerama line 1192.
Use of uninitialized value $chname in pattern match (m//) at /home/runner/work/xmltv/xmltv/scripts/tv_grab_fr_telerama/tv_grab_fr_telerama line 1189.
Use of uninitialized value $chname in pattern match (m//) at /home/runner/work/xmltv/xmltv/scripts/tv_grab_fr_telerama/tv_grab_fr_telerama line 1192.
Use of uninitialized value $chname in pattern match (m//) at /home/runner/work/xmltv/xmltv/scripts/tv_grab_fr_telerama/tv_grab_fr_telerama line 1189.
Use of uninitialized value $chname in pattern match (m//) at /home/runner/work/xmltv/xmltv/scripts/tv_grab_fr_telerama/tv_grab_fr_telerama line 1192.
Use of uninitialized value $chname in pattern match (m//) at /home/runner/work/xmltv/xmltv/scripts/tv_grab_fr_telerama/tv_grab_fr_telerama line 1189.
Use of uninitialized value $chname in pattern match (m//) at /home/runner/work/xmltv/xmltv/scripts/tv_grab_fr_telerama/tv_grab_fr_telerama line 1192.
Use of uninitialized value $chname in pattern match (m//) at /home/runner/work/xmltv/xmltv/scripts/tv_grab_fr_telerama/tv_grab_fr_telerama line 1189.
Use of uninitialized value $chname in pattern match (m//) at /home/runner/work/xmltv/xmltv/scripts/tv_grab_fr_telerama/tv_grab_fr_telerama line 1192.
Use of uninitialized value $chname in pattern match (m//) at /home/runner/work/xmltv/xmltv/scripts/tv_grab_fr_telerama/tv_grab_fr_telerama line 1189.
Use of uninitialized value $chname in pattern match (m//) at /home/runner/work/xmltv/xmltv/scripts/tv_grab_fr_telerama/tv_grab_fr_telerama line 1192.
Use of uninitialized value $chname in pattern match (m//) at /home/runner/work/xmltv/xmltv/scripts/tv_grab_fr_telerama/tv_grab_fr_telerama line 1189.
Use of uninitialized value $chname in pattern match (m//) at /home/runner/work/xmltv/xmltv/scripts/tv_grab_fr_telerama/tv_grab_fr_telerama line 1192.
Use of uninitialized value $chname in pattern match (m//) at /home/runner/work/xmltv/xmltv/scripts/tv_grab_fr_telerama/tv_grab_fr_telerama line 1189.
Use of uninitialized value $chname in pattern match (m//) at /home/runner/work/xmltv/xmltv/scripts/tv_grab_fr_telerama/tv_grab_fr_telerama line 1192.
Use of uninitialized value $chname in pattern match (m//) at /home/runner/work/xmltv/xmltv/scripts/tv_grab_fr_telerama/tv_grab_fr_telerama line 1189.
Use of uninitialized value $chname in pattern match (m//) at /home/runner/work/xmltv/xmltv/scripts/tv_grab_fr_telerama/tv_grab_fr_telerama line 1192.
Use of uninitialized value $chname in pattern match (m//) at /home/runner/work/xmltv/xmltv/scripts/tv_grab_fr_telerama/tv_grab_fr_telerama line 1189.
Use of uninitialized value $chname in pattern match (m//) at /home/runner/work/xmltv/xmltv/scripts/tv_grab_fr_telerama/tv_grab_fr_telerama line 1192.
Use of uninitialized value $chname in pattern match (m//) at /home/runner/work/xmltv/xmltv/scripts/tv_grab_fr_telerama/tv_grab_fr_telerama line 1189.
Use of uninitialized value $chname in pattern match (m//) at /home/runner/work/xmltv/xmltv/scripts/tv_grab_fr_telerama/tv_grab_fr_telerama line 1192.
Use of uninitialized value $chname in pattern match (m//) at /home/runner/work/xmltv/xmltv/scripts/tv_grab_fr_telerama/tv_grab_fr_telerama line 1189.
Use of uninitialized value $chname in pattern match (m//) at /home/runner/work/xmltv/xmltv/scripts/tv_grab_fr_telerama/tv_grab_fr_telerama line 1192.
Use of uninitialized value $chname in pattern match (m//) at /home/runner/work/xmltv/xmltv/scripts/tv_grab_fr_telerama/tv_grab_fr_telerama line 1189.
Use of uninitialized value $chname in pattern match (m//) at /home/runner/work/xmltv/xmltv/scripts/tv_grab_fr_telerama/tv_grab_fr_telerama line 1192.
Use of uninitialized value $chname in pattern match (m//) at /home/runner/work/xmltv/xmltv/scripts/tv_grab_fr_telerama/tv_grab_fr_telerama line 1189.
Use of uninitialized value $chname in pattern match (m//) at /home/runner/work/xmltv/xmltv/scripts/tv_grab_fr_telerama/tv_grab_fr_telerama line 1192.
Use of uninitialized value $chname in pattern match (m//) at /home/runner/work/xmltv/xmltv/scripts/tv_grab_fr_telerama/tv_grab_fr_telerama line 1189.
Use of uninitialized value $chname in pattern match (m//) at /home/runner/work/xmltv/xmltv/scripts/tv_grab_fr_telerama/tv_grab_fr_telerama line 1192.
Use of uninitialized value $chname in pattern match (m//) at /home/runner/work/xmltv/xmltv/scripts/tv_grab_fr_telerama/tv_grab_fr_telerama line 1189.
Use of uninitialized value $chname in pattern match (m//) at /home/runner/work/xmltv/xmltv/scripts/tv_grab_fr_telerama/tv_grab_fr_telerama line 1192.
Use of uninitialized value $chname in pattern match (m//) at /home/runner/work/xmltv/xmltv/scripts/tv_grab_fr_telerama/tv_grab_fr_telerama line 1189.
Use of uninitialized value $chname in pattern match (m//) at /home/runner/work/xmltv/xmltv/scripts/tv_grab_fr_telerama/tv_grab_fr_telerama line 1192.
Use of uninitialized value $chname in pattern match (m//) at /home/runner/work/xmltv/xmltv/scripts/tv_grab_fr_telerama/tv_grab_fr_telerama line 1189.
Use of uninitialized value $chname in pattern match (m//) at /home/runner/work/xmltv/xmltv/scripts/tv_grab_fr_telerama/tv_grab_fr_telerama line 1192.
Use of uninitialized value $chname in pattern match (m//) at /home/runner/work/xmltv/xmltv/scripts/tv_grab_fr_telerama/tv_grab_fr_telerama line 1189.
Use of uninitialized value $chname in pattern match (m//) at /home/runner/work/xmltv/xmltv/scripts/tv_grab_fr_telerama/tv_grab_fr_telerama line 1192.
Use of uninitialized value $chname in pattern match (m//) at /home/runner/work/xmltv/xmltv/scripts/tv_grab_fr_telerama/tv_grab_fr_telerama line 1189.
Use of uninitialized value $chname in pattern match (m//) at /home/runner/work/xmltv/xmltv/scripts/tv_grab_fr_telerama/tv_grab_fr_telerama line 1192.
Use of uninitialized value $chname in pattern match (m//) at /home/runner/work/xmltv/xmltv/scripts/tv_grab_fr_telerama/tv_grab_fr_telerama line 1189.
Use of uninitialized value $chname in pattern match (m//) at /home/runner/work/xmltv/xmltv/scripts/tv_grab_fr_telerama/tv_grab_fr_telerama line 1192.
Use of uninitialized value $chname in pattern match (m//) at /home/runner/work/xmltv/xmltv/scripts/tv_grab_fr_telerama/tv_grab_fr_telerama line 1189.
Use of uninitialized value $chname in pattern match (m//) at /home/runner/work/xmltv/xmltv/scripts/tv_grab_fr_telerama/tv_grab_fr_telerama line 1192.
Use of uninitialized value $chname in pattern match (m//) at /home/runner/work/xmltv/xmltv/scripts/tv_grab_fr_telerama/tv_grab_fr_telerama line 1189.
Use of uninitialized value $chname in pattern match (m//) at /home/runner/work/xmltv/xmltv/scripts/tv_grab_fr_telerama/tv_grab_fr_telerama line 1192.
Use of uninitialized value $chname in pattern match (m//) at /home/runner/work/xmltv/xmltv/scripts/tv_grab_fr_telerama/tv_grab_fr_telerama line 1189.
Use of uninitialized value $chname in pattern match (m//) at /home/runner/work/xmltv/xmltv/scripts/tv_grab_fr_telerama/tv_grab_fr_telerama line 1192.
Use of uninitialized value $chname in pattern match (m//) at /home/runner/work/xmltv/xmltv/scripts/tv_grab_fr_telerama/tv_grab_fr_telerama line 1189.
Use of uninitialized value $chname in pattern match (m//) at /home/runner/work/xmltv/xmltv/scripts/tv_grab_fr_telerama/tv_grab_fr_telerama line 1192.
Use of uninitialized value $chname in pattern match (m//) at /home/runner/work/xmltv/xmltv/scripts/tv_grab_fr_telerama/tv_grab_fr_telerama line 1189.
Use of uninitialized value $chname in pattern match (m//) at /home/runner/work/xmltv/xmltv/scripts/tv_grab_fr_telerama/tv_grab_fr_telerama line 1192.
Use of uninitialized value $chname in pattern match (m//) at /home/runner/work/xmltv/xmltv/scripts/tv_grab_fr_telerama/tv_grab_fr_telerama line 1189.
Use of uninitialized value $chname in pattern match (m//) at /home/runner/work/xmltv/xmltv/scripts/tv_grab_fr_telerama/tv_grab_fr_telerama line 1192.
Use of uninitialized value $chname in pattern match (m//) at /home/runner/work/xmltv/xmltv/scripts/tv_grab_fr_telerama/tv_grab_fr_telerama line 1189.
Use of uninitialized value $chname in pattern match (m//) at /home/runner/work/xmltv/xmltv/scripts/tv_grab_fr_telerama/tv_grab_fr_telerama line 1192.
Use of uninitialized value $chname in pattern match (m//) at /home/runner/work/xmltv/xmltv/scripts/tv_grab_fr_telerama/tv_grab_fr_telerama line 1189.
Use of uninitialized value $chname in pattern match (m//) at /home/runner/work/xmltv/xmltv/scripts/tv_grab_fr_telerama/tv_grab_fr_telerama line 1192.
Use of uninitialized value $chname in pattern match (m//) at /home/runner/work/xmltv/xmltv/scripts/tv_grab_fr_telerama/tv_grab_fr_telerama line 1189.
Use of uninitialized value $chname in pattern match (m//) at /home/runner/work/xmltv/xmltv/scripts/tv_grab_fr_telerama/tv_grab_fr_telerama line 1192.
Use of uninitialized value $chname in pattern match (m//) at /home/runner/work/xmltv/xmltv/scripts/tv_grab_fr_telerama/tv_grab_fr_telerama line 1189.
Use of uninitialized value $chname in pattern match (m//) at /home/runner/work/xmltv/xmltv/scripts/tv_grab_fr_telerama/tv_grab_fr_telerama line 1192.
Use of uninitialized value $chname in pattern match (m//) at /home/runner/work/xmltv/xmltv/scripts/tv_grab_fr_telerama/tv_grab_fr_telerama line 1189.
Use of uninitialized value $chname in pattern match (m//) at /home/runner/work/xmltv/xmltv/scripts/tv_grab_fr_telerama/tv_grab_fr_telerama line 1192.
Use of uninitialized value $chname in pattern match (m//) at /home/runner/work/xmltv/xmltv/scripts/tv_grab_fr_telerama/tv_grab_fr_telerama line 1189.
Use of uninitialized value $chname in pattern match (m//) at /home/runner/work/xmltv/xmltv/scripts/tv_grab_fr_telerama/tv_grab_fr_telerama line 1192.
Use of uninitialized value $chname in pattern match (m//) at /home/runner/work/xmltv/xmltv/scripts/tv_grab_fr_telerama/tv_grab_fr_telerama line 1189.
Use of uninitialized value $chname in pattern match (m//) at /home/runner/work/xmltv/xmltv/scripts/tv_grab_fr_telerama/tv_grab_fr_telerama line 1192.
Use of uninitialized value $chname in pattern match (m//) at /home/runner/work/xmltv/xmltv/scripts/tv_grab_fr_telerama/tv_grab_fr_telerama line 1189.
Use of uninitialized value $chname in pattern match (m//) at /home/runner/work/xmltv/xmltv/scripts/tv_grab_fr_telerama/tv_grab_fr_telerama line 1192.
Use of uninitialized value $chname in pattern match (m//) at /home/runner/work/xmltv/xmltv/scripts/tv_grab_fr_telerama/tv_grab_fr_telerama line 1189.
Use of uninitialized value $chname in pattern match (m//) at /home/runner/work/xmltv/xmltv/scripts/tv_grab_fr_telerama/tv_grab_fr_telerama line 1192.
Use of uninitialized value $chname in pattern match (m//) at /home/runner/work/xmltv/xmltv/scripts/tv_grab_fr_telerama/tv_grab_fr_telerama line 1189.
Use of uninitialized value $chname in pattern match (m//) at /home/runner/work/xmltv/xmltv/scripts/tv_grab_fr_telerama/tv_grab_fr_telerama line 1192.
Use of uninitialized value $chname in pattern match (m//) at /home/runner/work/xmltv/xmltv/scripts/tv_grab_fr_telerama/tv_grab_fr_telerama line 1189.
Use of uninitialized value $chname in pattern match (m//) at /home/runner/work/xmltv/xmltv/scripts/tv_grab_fr_telerama/tv_grab_fr_telerama line 1192.
Use of uninitialized value $chname in pattern match (m//) at /home/runner/work/xmltv/xmltv/scripts/tv_grab_fr_telerama/tv_grab_fr_telerama line 1189.
Use of uninitialized value $chname in pattern match (m//) at /home/runner/work/xmltv/xmltv/scripts/tv_grab_fr_telerama/tv_grab_fr_telerama line 1192.
Use of uninitialized value $chname in pattern match (m//) at /home/runner/work/xmltv/xmltv/scripts/tv_grab_fr_telerama/tv_grab_fr_telerama line 1189.
Use of uninitialized value $chname in pattern match (m//) at /home/runner/work/xmltv/xmltv/scripts/tv_grab_fr_telerama/tv_grab_fr_telerama line 1192.
Use of uninitialized value $chname in pattern match (m//) at /home/runner/work/xmltv/xmltv/scripts/tv_grab_fr_telerama/tv_grab_fr_telerama line 1189.
Use of uninitialized value $chname in pattern match (m//) at /home/runner/work/xmltv/xmltv/scripts/tv_grab_fr_telerama/tv_grab_fr_telerama line 1192.
Use of uninitialized value $chname in pattern match (m//) at /home/runner/work/xmltv/xmltv/scripts/tv_grab_fr_telerama/tv_grab_fr_telerama line 1189.
Use of uninitialized value $chname in pattern match (m//) at /home/runner/work/xmltv/xmltv/scripts/tv_grab_fr_telerama/tv_grab_fr_telerama line 1192.
Use of uninitialized value $chname in pattern match (m//) at /home/runner/work/xmltv/xmltv/scripts/tv_grab_fr_telerama/tv_grab_fr_telerama line 1189.
Use of uninitialized value $chname in pattern match (m//) at /home/runner/work/xmltv/xmltv/scripts/tv_grab_fr_telerama/tv_grab_fr_telerama line 1192.
Use of uninitialized value $chname in pattern match (m//) at /home/runner/work/xmltv/xmltv/scripts/tv_grab_fr_telerama/tv_grab_fr_telerama line 1189.
Use of uninitialized value $chname in pattern match (m//) at /home/runner/work/xmltv/xmltv/scripts/tv_grab_fr_telerama/tv_grab_fr_telerama line 1192.
Use of uninitialized value $chname in pattern match (m//) at /home/runner/work/xmltv/xmltv/scripts/tv_grab_fr_telerama/tv_grab_fr_telerama line 1189.
Use of uninitialized value $chname in pattern match (m//) at /home/runner/work/xmltv/xmltv/scripts/tv_grab_fr_telerama/tv_grab_fr_telerama line 1192.
Use of uninitialized value $chname in pattern match (m//) at /home/runner/work/xmltv/xmltv/scripts/tv_grab_fr_telerama/tv_grab_fr_telerama line 1189.
Use of uninitialized value $chname in pattern match (m//) at /home/runner/work/xmltv/xmltv/scripts/tv_grab_fr_telerama/tv_grab_fr_telerama line 1192.
Use of uninitialized value $chname in pattern match (m//) at /home/runner/work/xmltv/xmltv/scripts/tv_grab_fr_telerama/tv_grab_fr_telerama line 1189.
Use of uninitialized value $chname in pattern match (m//) at /home/runner/work/xmltv/xmltv/scripts/tv_grab_fr_telerama/tv_grab_fr_telerama line 1192.
Use of uninitialized value $chname in pattern match (m//) at /home/runner/work/xmltv/xmltv/scripts/tv_grab_fr_telerama/tv_grab_fr_telerama line 1189.
Use of uninitialized value $chname in pattern match (m//) at /home/runner/work/xmltv/xmltv/scripts/tv_grab_fr_telerama/tv_grab_fr_telerama line 1192.
Use of uninitialized value $chname in pattern match (m//) at /home/runner/work/xmltv/xmltv/scripts/tv_grab_fr_telerama/tv_grab_fr_telerama line 1189.
Use of uninitialized value $chname in pattern match (m//) at /home/runner/work/xmltv/xmltv/scripts/tv_grab_fr_telerama/tv_grab_fr_telerama line 1192.
Use of uninitialized value $chname in pattern match (m//) at /home/runner/work/xmltv/xmltv/scripts/tv_grab_fr_telerama/tv_grab_fr_telerama line 1189.
Use of uninitialized value $chname in pattern match (m//) at /home/runner/work/xmltv/xmltv/scripts/tv_grab_fr_telerama/tv_grab_fr_telerama line 1192.
Use of uninitialized value $chname in pattern match (m//) at /home/runner/work/xmltv/xmltv/scripts/tv_grab_fr_telerama/tv_grab_fr_telerama line 1189.
Use of uninitialized value $chname in pattern match (m//) at /home/runner/work/xmltv/xmltv/scripts/tv_grab_fr_telerama/tv_grab_fr_telerama line 1192.
Use of uninitialized value $chname in pattern match (m//) at /home/runner/work/xmltv/xmltv/scripts/tv_grab_fr_telerama/tv_grab_fr_telerama line 1189.
Use of uninitialized value $chname in pattern match (m//) at /home/runner/work/xmltv/xmltv/scripts/tv_grab_fr_telerama/tv_grab_fr_telerama line 1192.
Use of uninitialized value $chname in pattern match (m//) at /home/runner/work/xmltv/xmltv/scripts/tv_grab_fr_telerama/tv_grab_fr_telerama line 1189.
Use of uninitialized value $chname in pattern match (m//) at /home/runner/work/xmltv/xmltv/scripts/tv_grab_fr_telerama/tv_grab_fr_telerama line 1192.
Use of uninitialized value $chname in pattern match (m//) at /home/runner/work/xmltv/xmltv/scripts/tv_grab_fr_telerama/tv_grab_fr_telerama line 1189.
Use of uninitialized value $chname in pattern match (m//) at /home/runner/work/xmltv/xmltv/scripts/tv_grab_fr_telerama/tv_grab_fr_telerama line 1192.
Use of uninitialized value $chname in pattern match (m//) at /home/runner/work/xmltv/xmltv/scripts/tv_grab_fr_telerama/tv_grab_fr_telerama line 1189.
Use of uninitialized value $chname in pattern match (m//) at /home/runner/work/xmltv/xmltv/scripts/tv_grab_fr_telerama/tv_grab_fr_telerama line 1192.
Use of uninitialized value $chname in pattern match (m//) at /home/runner/work/xmltv/xmltv/scripts/tv_grab_fr_telerama/tv_grab_fr_telerama line 1189.
Use of uninitialized value $chname in pattern match (m//) at /home/runner/work/xmltv/xmltv/scripts/tv_grab_fr_telerama/tv_grab_fr_telerama line 1192.
Use of uninitialized value $chname in pattern match (m//) at /home/runner/work/xmltv/xmltv/scripts/tv_grab_fr_telerama/tv_grab_fr_telerama line 1189.
Use of uninitialized value $chname in pattern match (m//) at /home/runner/work/xmltv/xmltv/scripts/tv_grab_fr_telerama/tv_grab_fr_telerama line 1192.
Use of uninitialized value $chname in pattern match (m//) at /home/runner/work/xmltv/xmltv/scripts/tv_grab_fr_telerama/tv_grab_fr_telerama line 1189.
Use of uninitialized value $chname in pattern match (m//) at /home/runner/work/xmltv/xmltv/scripts/tv_grab_fr_telerama/tv_grab_fr_telerama line 1192.
Use of uninitialized value $chname in pattern match (m//) at /home/runner/work/xmltv/xmltv/scripts/tv_grab_fr_telerama/tv_grab_fr_telerama line 1189.
Use of uninitialized value $chname in pattern match (m//) at /home/runner/work/xmltv/xmltv/scripts/tv_grab_fr_telerama/tv_grab_fr_telerama line 1192.
Use of uninitialized value $chname in pattern match (m//) at /home/runner/work/xmltv/xmltv/scripts/tv_grab_fr_telerama/tv_grab_fr_telerama line 1189.
Use of uninitialized value $chname in pattern match (m//) at /home/runner/work/xmltv/xmltv/scripts/tv_grab_fr_telerama/tv_grab_fr_telerama line 1192.
Use of uninitialized value $chname in pattern match (m//) at /home/runner/work/xmltv/xmltv/scripts/tv_grab_fr_telerama/tv_grab_fr_telerama line 1189.
Use of uninitialized value $chname in pattern match (m//) at /home/runner/work/xmltv/xmltv/scripts/tv_grab_fr_telerama/tv_grab_fr_telerama line 1192.
Use of uninitialized value $chname in pattern match (m//) at /home/runner/work/xmltv/xmltv/scripts/tv_grab_fr_telerama/tv_grab_fr_telerama line 1189.
Use of uninitialized value $chname in pattern match (m//) at /home/runner/work/xmltv/xmltv/scripts/tv_grab_fr_telerama/tv_grab_fr_telerama line 1192.
Use of uninitialized value $chname in pattern match (m//) at /home/runner/work/xmltv/xmltv/scripts/tv_grab_fr_telerama/tv_grab_fr_telerama line 1189.
Use of uninitialized value $chname in pattern match (m//) at /home/runner/work/xmltv/xmltv/scripts/tv_grab_fr_telerama/tv_grab_fr_telerama line 1192.
Use of uninitialized value $chname in pattern match (m//) at /home/runner/work/xmltv/xmltv/scripts/tv_grab_fr_telerama/tv_grab_fr_telerama line 1189.
Use of uninitialized value $chname in pattern match (m//) at /home/runner/work/xmltv/xmltv/scripts/tv_grab_fr_telerama/tv_grab_fr_telerama line 1192.
Use of uninitialized value $chname in pattern match (m//) at /home/runner/work/xmltv/xmltv/scripts/tv_grab_fr_telerama/tv_grab_fr_telerama line 1189.
Use of uninitialized value $chname in pattern match (m//) at /home/runner/work/xmltv/xmltv/scripts/tv_grab_fr_telerama/tv_grab_fr_telerama line 1192.
Use of uninitialized value $chname in pattern match (m//) at /home/runner/work/xmltv/xmltv/scripts/tv_grab_fr_telerama/tv_grab_fr_telerama line 1189.
Use of uninitialized value $chname in pattern match (m//) at /home/runner/work/xmltv/xmltv/scripts/tv_grab_fr_telerama/tv_grab_fr_telerama line 1192.
Use of uninitialized value $chname in pattern match (m//) at /home/runner/work/xmltv/xmltv/scripts/tv_grab_fr_telerama/tv_grab_fr_telerama line 1189.
Use of uninitialized value $chname in pattern match (m//) at /home/runner/work/xmltv/xmltv/scripts/tv_grab_fr_telerama/tv_grab_fr_telerama line 1192.
Use of uninitialized value $chname in pattern match (m//) at /home/runner/work/xmltv/xmltv/scripts/tv_grab_fr_telerama/tv_grab_fr_telerama line 1189.
Use of uninitialized value $chname in pattern match (m//) at /home/runner/work/xmltv/xmltv/scripts/tv_grab_fr_telerama/tv_grab_fr_telerama line 1192.
Use of uninitialized value $chname in pattern match (m//) at /home/runner/work/xmltv/xmltv/scripts/tv_grab_fr_telerama/tv_grab_fr_telerama line 1189.
Use of uninitialized value $chname in pattern match (m//) at /home/runner/work/xmltv/xmltv/scripts/tv_grab_fr_telerama/tv_grab_fr_telerama line 1192.
Use of uninitialized value $chname in pattern match (m//) at /home/runner/work/xmltv/xmltv/scripts/tv_grab_fr_telerama/tv_grab_fr_telerama line 1189.
Use of uninitialized value $chname in pattern match (m//) at /home/runner/work/xmltv/xmltv/scripts/tv_grab_fr_telerama/tv_grab_fr_telerama line 1192.
Use of uninitialized value $chname in pattern match (m//) at /home/runner/work/xmltv/xmltv/scripts/tv_grab_fr_telerama/tv_grab_fr_telerama line 1189.
Use of uninitialized value $chname in pattern match (m//) at /home/runner/work/xmltv/xmltv/scripts/tv_grab_fr_telerama/tv_grab_fr_telerama line 1192.
Use of uninitialized value $chname in pattern match (m//) at /home/runner/work/xmltv/xmltv/scripts/tv_grab_fr_telerama/tv_grab_fr_telerama line 1189.
Use of uninitialized value $chname in pattern match (m//) at /home/runner/work/xmltv/xmltv/scripts/tv_grab_fr_telerama/tv_grab_fr_telerama line 1192.
Use of uninitialized value $chname in pattern match (m//) at /home/runner/work/xmltv/xmltv/scripts/tv_grab_fr_telerama/tv_grab_fr_telerama line 1189.
Use of uninitialized value $chname in pattern match (m//) at /home/runner/work/xmltv/xmltv/scripts/tv_grab_fr_telerama/tv_grab_fr_telerama line 1192.
Use of uninitialized value $chname in pattern match (m//) at /home/runner/work/xmltv/xmltv/scripts/tv_grab_fr_telerama/tv_grab_fr_telerama line 1189.
Use of uninitialized value $chname in pattern match (m//) at /home/runner/work/xmltv/xmltv/scripts/tv_grab_fr_telerama/tv_grab_fr_telerama line 1192.
Use of uninitialized value $chname in pattern match (m//) at /home/runner/work/xmltv/xmltv/scripts/tv_grab_fr_telerama/tv_grab_fr_telerama line 1189.
Use of uninitialized value $chname in pattern match (m//) at /home/runner/work/xmltv/xmltv/scripts/tv_grab_fr_telerama/tv_grab_fr_telerama line 1192.
Use of uninitialized value $chname in pattern match (m//) at /home/runner/work/xmltv/xmltv/scripts/tv_grab_fr_telerama/tv_grab_fr_telerama line 1189.
Use of uninitialized value $chname in pattern match (m//) at /home/runner/work/xmltv/xmltv/scripts/tv_grab_fr_telerama/tv_grab_fr_telerama line 1192.
Use of uninitialized value $chname in pattern match (m//) at /home/runner/work/xmltv/xmltv/scripts/tv_grab_fr_telerama/tv_grab_fr_telerama line 1189.
Use of uninitialized value $chname in pattern match (m//) at /home/runner/work/xmltv/xmltv/scripts/tv_grab_fr_telerama/tv_grab_fr_telerama line 1192.
Use of uninitialized value $chname in pattern match (m//) at /home/runner/work/xmltv/xmltv/scripts/tv_grab_fr_telerama/tv_grab_fr_telerama line 1189.
Use of uninitialized value $chname in pattern match (m//) at /home/runner/work/xmltv/xmltv/scripts/tv_grab_fr_telerama/tv_grab_fr_telerama line 1192.
Use of uninitialized value $chname in pattern match (m//) at /home/runner/work/xmltv/xmltv/scripts/tv_grab_fr_telerama/tv_grab_fr_telerama line 1189.
Use of uninitialized value $chname in pattern match (m//) at /home/runner/work/xmltv/xmltv/scripts/tv_grab_fr_telerama/tv_grab_fr_telerama line 1192.
Use of uninitialized value $chname in pattern match (m//) at /home/runner/work/xmltv/xmltv/scripts/tv_grab_fr_telerama/tv_grab_fr_telerama line 1189.
Use of uninitialized value $chname in pattern match (m//) at /home/runner/work/xmltv/xmltv/scripts/tv_grab_fr_telerama/tv_grab_fr_telerama line 1192.
Use of uninitialized value $chname in pattern match (m//) at /home/runner/work/xmltv/xmltv/scripts/tv_grab_fr_telerama/tv_grab_fr_telerama line 1189.
Use of uninitialized value $chname in pattern match (m//) at /home/runner/work/xmltv/xmltv/scripts/tv_grab_fr_telerama/tv_grab_fr_telerama line 1192.
Use of uninitialized value $chname in pattern match (m//) at /home/runner/work/xmltv/xmltv/scripts/tv_grab_fr_telerama/tv_grab_fr_telerama line 1189.
Use of uninitialized value $chname in pattern match (m//) at /home/runner/work/xmltv/xmltv/scripts/tv_grab_fr_telerama/tv_grab_fr_telerama line 1192.
Use of uninitialized value $chname in pattern match (m//) at /home/runner/work/xmltv/xmltv/scripts/tv_grab_fr_telerama/tv_grab_fr_telerama line 1189.
Use of uninitialized value $chname in pattern match (m//) at /home/runner/work/xmltv/xmltv/scripts/tv_grab_fr_telerama/tv_grab_fr_telerama line 1192.
Use of uninitialized value $chname in pattern match (m//) at /home/runner/work/xmltv/xmltv/scripts/tv_grab_fr_telerama/tv_grab_fr_telerama line 1189.
Use of uninitialized value $chname in pattern match (m//) at /home/runner/work/xmltv/xmltv/scripts/tv_grab_fr_telerama/tv_grab_fr_telerama line 1192.
Use of uninitialized value $chname in pattern match (m//) at /home/runner/work/xmltv/xmltv/scripts/tv_grab_fr_telerama/tv_grab_fr_telerama line 1189.
Use of uninitialized value $chname in pattern match (m//) at /home/runner/work/xmltv/xmltv/scripts/tv_grab_fr_telerama/tv_grab_fr_telerama line 1192.
Use of uninitialized value $chname in pattern match (m//) at /home/runner/work/xmltv/xmltv/scripts/tv_grab_fr_telerama/tv_grab_fr_telerama line 1189.
Use of uninitialized value $chname in pattern match (m//) at /home/runner/work/xmltv/xmltv/scripts/tv_grab_fr_telerama/tv_grab_fr_telerama line 1192.
Use of uninitialized value $chname in pattern match (m//) at /home/runner/work/xmltv/xmltv/scripts/tv_grab_fr_telerama/tv_grab_fr_telerama line 1189.
Use of uninitialized value $chname in pattern match (m//) at /home/runner/work/xmltv/xmltv/scripts/tv_grab_fr_telerama/tv_grab_fr_telerama line 1192.
Use of uninitialized value $chname in pattern match (m//) at /home/runner/work/xmltv/xmltv/scripts/tv_grab_fr_telerama/tv_grab_fr_telerama line 1189.
Use of uninitialized value $chname in pattern match (m//) at /home/runner/work/xmltv/xmltv/scripts/tv_grab_fr_telerama/tv_grab_fr_telerama line 1192.
Use of uninitialized value $chname in pattern match (m//) at /home/runner/work/xmltv/xmltv/scripts/tv_grab_fr_telerama/tv_grab_fr_telerama line 1189.
Use of uninitialized value $chname in pattern match (m//) at /home/runner/work/xmltv/xmltv/scripts/tv_grab_fr_telerama/tv_grab_fr_telerama line 1192.
Use of uninitialized value $chname in pattern match (m//) at /home/runner/work/xmltv/xmltv/scripts/tv_grab_fr_telerama/tv_grab_fr_telerama line 1189.
Use of uninitialized value $chname in pattern match (m//) at /home/runner/work/xmltv/xmltv/scripts/tv_grab_fr_telerama/tv_grab_fr_telerama line 1192.
Use of uninitialized value $chname in pattern match (m//) at /home/runner/work/xmltv/xmltv/scripts/tv_grab_fr_telerama/tv_grab_fr_telerama line 1189.
Use of uninitialized value $chname in pattern match (m//) at /home/runner/work/xmltv/xmltv/scripts/tv_grab_fr_telerama/tv_grab_fr_telerama line 1192.
Use of uninitialized value $chname in pattern match (m//) at /home/runner/work/xmltv/xmltv/scripts/tv_grab_fr_telerama/tv_grab_fr_telerama line 1189.
Use of uninitialized value $chname in pattern match (m//) at /home/runner/work/xmltv/xmltv/scripts/tv_grab_fr_telerama/tv_grab_fr_telerama line 1192.
Use of uninitialized value $chname in pattern match (m//) at /home/runner/work/xmltv/xmltv/scripts/tv_grab_fr_telerama/tv_grab_fr_telerama line 1189.
Use of uninitialized value $chname in pattern match (m//) at /home/runner/work/xmltv/xmltv/scripts/tv_grab_fr_telerama/tv_grab_fr_telerama line 1192.
Use of uninitialized value $chname in pattern match (m//) at /home/runner/work/xmltv/xmltv/scripts/tv_grab_fr_telerama/tv_grab_fr_telerama line 1189.
Use of uninitialized value $chname in pattern match (m//) at /home/runner/work/xmltv/xmltv/scripts/tv_grab_fr_telerama/tv_grab_fr_telerama line 1192.
Use of uninitialized value $chname in pattern match (m//) at /home/runner/work/xmltv/xmltv/scripts/tv_grab_fr_telerama/tv_grab_fr_telerama line 1189.
Use of uninitialized value $chname in pattern match (m//) at /home/runner/work/xmltv/xmltv/scripts/tv_grab_fr_telerama/tv_grab_fr_telerama line 1192.
Use of uninitialized value $chname in pattern match (m//) at /home/runner/work/xmltv/xmltv/scripts/tv_grab_fr_telerama/tv_grab_fr_telerama line 1189.
Use of uninitialized value $chname in pattern match (m//) at /home/runner/work/xmltv/xmltv/scripts/tv_grab_fr_telerama/tv_grab_fr_telerama line 1192.
Use of uninitialized value $chname in pattern match (m//) at /home/runner/work/xmltv/xmltv/scripts/tv_grab_fr_telerama/tv_grab_fr_telerama line 1189.
Use of uninitialized value $chname in pattern match (m//) at /home/runner/work/xmltv/xmltv/scripts/tv_grab_fr_telerama/tv_grab_fr_telerama line 1192.
Use of uninitialized value $chname in pattern match (m//) at /home/runner/work/xmltv/xmltv/scripts/tv_grab_fr_telerama/tv_grab_fr_telerama line 1189.
Use of uninitialized value $chname in pattern match (m//) at /home/runner/work/xmltv/xmltv/scripts/tv_grab_fr_telerama/tv_grab_fr_telerama line 1192.
Use of uninitialized value $chname in pattern match (m//) at /home/runner/work/xmltv/xmltv/scripts/tv_grab_fr_telerama/tv_grab_fr_telerama line 1189.
Use of uninitialized value $chname in pattern match (m//) at /home/runner/work/xmltv/xmltv/scripts/tv_grab_fr_telerama/tv_grab_fr_telerama line 1192.
Use of uninitialized value $chname in pattern match (m//) at /home/runner/work/xmltv/xmltv/scripts/tv_grab_fr_telerama/tv_grab_fr_telerama line 1189.
Use of uninitialized value $chname in pattern match (m//) at /home/runner/work/xmltv/xmltv/scripts/tv_grab_fr_telerama/tv_grab_fr_telerama line 1192.
Use of uninitialized value $chname in pattern match (m//) at /home/runner/work/xmltv/xmltv/scripts/tv_grab_fr_telerama/tv_grab_fr_telerama line 1189.
Use of uninitialized value $chname in pattern match (m//) at /home/runner/work/xmltv/xmltv/scripts/tv_grab_fr_telerama/tv_grab_fr_telerama line 1192.
Use of uninitialized value $chname in pattern match (m//) at /home/runner/work/xmltv/xmltv/scripts/tv_grab_fr_telerama/tv_grab_fr_telerama line 1189.
Use of uninitialized value $chname in pattern match (m//) at /home/runner/work/xmltv/xmltv/scripts/tv_grab_fr_telerama/tv_grab_fr_telerama line 1192.
Use of uninitialized value $chname in pattern match (m//) at /home/runner/work/xmltv/xmltv/scripts/tv_grab_fr_telerama/tv_grab_fr_telerama line 1189.
Use of uninitialized value $chname in pattern match (m//) at /home/runner/work/xmltv/xmltv/scripts/tv_grab_fr_telerama/tv_grab_fr_telerama line 1192.
Use of uninitialized value $chname in pattern match (m//) at /home/runner/work/xmltv/xmltv/scripts/tv_grab_fr_telerama/tv_grab_fr_telerama line 1189.
Use of uninitialized value $chname in pattern match (m//) at /home/runner/work/xmltv/xmltv/scripts/tv_grab_fr_telerama/tv_grab_fr_telerama line 1192.
Use of uninitialized value $chname in pattern match (m//) at /home/runner/work/xmltv/xmltv/scripts/tv_grab_fr_telerama/tv_grab_fr_telerama line 1189.
Use of uninitialized value $chname in pattern match (m//) at /home/runner/work/xmltv/xmltv/scripts/tv_grab_fr_telerama/tv_grab_fr_telerama line 1192.
Use of uninitialized value $chname in pattern match (m//) at /home/runner/work/xmltv/xmltv/scripts/tv_grab_fr_telerama/tv_grab_fr_telerama line 1189.
Use of uninitialized value $chname in pattern match (m//) at /home/runner/work/xmltv/xmltv/scripts/tv_grab_fr_telerama/tv_grab_fr_telerama line 1192.
Use of uninitialized value $chname in pattern match (m//) at /home/runner/work/xmltv/xmltv/scripts/tv_grab_fr_telerama/tv_grab_fr_telerama line 1189.
Use of uninitialized value $chname in pattern match (m//) at /home/runner/work/xmltv/xmltv/scripts/tv_grab_fr_telerama/tv_grab_fr_telerama line 1192.
Use of uninitialized value $chname in pattern match (m//) at /home/runner/work/xmltv/xmltv/scripts/tv_grab_fr_telerama/tv_grab_fr_telerama line 1189.
Use of uninitialized value $chname in pattern match (m//) at /home/runner/work/xmltv/xmltv/scripts/tv_grab_fr_telerama/tv_grab_fr_telerama line 1192.
Use of uninitialized value $chname in pattern match (m//) at /home/runner/work/xmltv/xmltv/scripts/tv_grab_fr_telerama/tv_grab_fr_telerama line 1189.
Use of uninitialized value $chname in pattern match (m//) at /home/runner/work/xmltv/xmltv/scripts/tv_grab_fr_telerama/tv_grab_fr_telerama line 1192.
Use of uninitialized value $chname in pattern match (m//) at /home/runner/work/xmltv/xmltv/scripts/tv_grab_fr_telerama/tv_grab_fr_telerama line 1189.
Use of uninitialized value $chname in pattern match (m//) at /home/runner/work/xmltv/xmltv/scripts/tv_grab_fr_telerama/tv_grab_fr_telerama line 1192.
Use of uninitialized value $chname in pattern match (m//) at /home/runner/work/xmltv/xmltv/scripts/tv_grab_fr_telerama/tv_grab_fr_telerama line 1189.
Use of uninitialized value $chname in pattern match (m//) at /home/runner/work/xmltv/xmltv/scripts/tv_grab_fr_telerama/tv_grab_fr_telerama line 1192.
Use of uninitialized value $chname in pattern match (m//) at /home/runner/work/xmltv/xmltv/scripts/tv_grab_fr_telerama/tv_grab_fr_telerama line 1189.
Use of uninitialized value $chname in pattern match (m//) at /home/runner/work/xmltv/xmltv/scripts/tv_grab_fr_telerama/tv_grab_fr_telerama line 1192.
Use of uninitialized value $chname in pattern match (m//) at /home/runner/work/xmltv/xmltv/scripts/tv_grab_fr_telerama/tv_grab_fr_telerama line 1189.
Use of uninitialized value $chname in pattern match (m//) at /home/runner/work/xmltv/xmltv/scripts/tv_grab_fr_telerama/tv_grab_fr_telerama line 1192.
Use of uninitialized value $chname in pattern match (m//) at /home/runner/work/xmltv/xmltv/scripts/tv_grab_fr_telerama/tv_grab_fr_telerama line 1189.
Use of uninitialized value $chname in pattern match (m//) at /home/runner/work/xmltv/xmltv/scripts/tv_grab_fr_telerama/tv_grab_fr_telerama line 1192.
Use of uninitialized value $chname in pattern match (m//) at /home/runner/work/xmltv/xmltv/scripts/tv_grab_fr_telerama/tv_grab_fr_telerama line 1189.
Use of uninitialized value $chname in pattern match (m//) at /home/runner/work/xmltv/xmltv/scripts/tv_grab_fr_telerama/tv_grab_fr_telerama line 1192.
Use of uninitialized value $chname in pattern match (m//) at /home/runner/work/xmltv/xmltv/scripts/tv_grab_fr_telerama/tv_grab_fr_telerama line 1189.
Use of uninitialized value $chname in pattern match (m//) at /home/runner/work/xmltv/xmltv/scripts/tv_grab_fr_telerama/tv_grab_fr_telerama line 1192.
Use of uninitialized value $chname in pattern match (m//) at /home/runner/work/xmltv/xmltv/scripts/tv_grab_fr_telerama/tv_grab_fr_telerama line 1189.
Use of uninitialized value $chname in pattern match (m//) at /home/runner/work/xmltv/xmltv/scripts/tv_grab_fr_telerama/tv_grab_fr_telerama line 1192.
Use of uninitialized value $chname in pattern match (m//) at /home/runner/work/xmltv/xmltv/scripts/tv_grab_fr_telerama/tv_grab_fr_telerama line 1189.
Use of uninitialized value $chname in pattern match (m//) at /home/runner/work/xmltv/xmltv/scripts/tv_grab_fr_telerama/tv_grab_fr_telerama line 1192.
Use of uninitialized value $chname in pattern match (m//) at /home/runner/work/xmltv/xmltv/scripts/tv_grab_fr_telerama/tv_grab_fr_telerama line 1189.
Use of uninitialized value $chname in pattern match (m//) at /home/runner/work/xmltv/xmltv/scripts/tv_grab_fr_telerama/tv_grab_fr_telerama line 1192.
Use of uninitialized value $chname in pattern match (m//) at /home/runner/work/xmltv/xmltv/scripts/tv_grab_fr_telerama/tv_grab_fr_telerama line 1189.
Use of uninitialized value $chname in pattern match (m//) at /home/runner/work/xmltv/xmltv/scripts/tv_grab_fr_telerama/tv_grab_fr_telerama line 1192.
Use of uninitialized value $chname in pattern match (m//) at /home/runner/work/xmltv/xmltv/scripts/tv_grab_fr_telerama/tv_grab_fr_telerama line 1189.
Use of uninitialized value $chname in pattern match (m//) at /home/runner/work/xmltv/xmltv/scripts/tv_grab_fr_telerama/tv_grab_fr_telerama line 1192.
Use of uninitialized value $chname in pattern match (m//) at /home/runner/work/xmltv/xmltv/scripts/tv_grab_fr_telerama/tv_grab_fr_telerama line 1189.
Use of uninitialized value $chname in pattern match (m//) at /home/runner/work/xmltv/xmltv/scripts/tv_grab_fr_telerama/tv_grab_fr_telerama line 1192.
Use of uninitialized value $chname in pattern match (m//) at /home/runner/work/xmltv/xmltv/scripts/tv_grab_fr_telerama/tv_grab_fr_telerama line 1189.
Use of uninitialized value $chname in pattern match (m//) at /home/runner/work/xmltv/xmltv/scripts/tv_grab_fr_telerama/tv_grab_fr_telerama line 1192.
Use of uninitialized value $chname in pattern match (m//) at /home/runner/work/xmltv/xmltv/scripts/tv_grab_fr_telerama/tv_grab_fr_telerama line 1189.
Use of uninitialized value $chname in pattern match (m//) at /home/runner/work/xmltv/xmltv/scripts/tv_grab_fr_telerama/tv_grab_fr_telerama line 1192.
Use of uninitialized value $chname in pattern match (m//) at /home/runner/work/xmltv/xmltv/scripts/tv_grab_fr_telerama/tv_grab_fr_telerama line 1189.
Use of uninitialized value $chname in pattern match (m//) at /home/runner/work/xmltv/xmltv/scripts/tv_grab_fr_telerama/tv_grab_fr_telerama line 1192.
Use of uninitialized value $chname in pattern match (m//) at /home/runner/work/xmltv/xmltv/scripts/tv_grab_fr_telerama/tv_grab_fr_telerama line 1189.
Use of uninitialized value $chname in pattern match (m//) at /home/runner/work/xmltv/xmltv/scripts/tv_grab_fr_telerama/tv_grab_fr_telerama line 1192.
Use of uninitialized value $chname in pattern match (m//) at /home/runner/work/xmltv/xmltv/scripts/tv_grab_fr_telerama/tv_grab_fr_telerama line 1189.
Use of uninitialized value $chname in pattern match (m//) at /home/runner/work/xmltv/xmltv/scripts/tv_grab_fr_telerama/tv_grab_fr_telerama line 1192.
Use of uninitialized value $chname in pattern match (m//) at /home/runner/work/xmltv/xmltv/scripts/tv_grab_fr_telerama/tv_grab_fr_telerama line 1189.
Use of uninitialized value $chname in pattern match (m//) at /home/runner/work/xmltv/xmltv/scripts/tv_grab_fr_telerama/tv_grab_fr_telerama line 1192.
Use of uninitialized value $chname in pattern match (m//) at /home/runner/work/xmltv/xmltv/scripts/tv_grab_fr_telerama/tv_grab_fr_telerama line 1189.
Use of uninitialized value $chname in pattern match (m//) at /home/runner/work/xmltv/xmltv/scripts/tv_grab_fr_telerama/tv_grab_fr_telerama line 1192.
Use of uninitialized value $chname in pattern match (m//) at /home/runner/work/xmltv/xmltv/scripts/tv_grab_fr_telerama/tv_grab_fr_telerama line 1189.
Use of uninitialized value $chname in pattern match (m//) at /home/runner/work/xmltv/xmltv/scripts/tv_grab_fr_telerama/tv_grab_fr_telerama line 1192.
Use of uninitialized value $chname in pattern match (m//) at /home/runner/work/xmltv/xmltv/scripts/tv_grab_fr_telerama/tv_grab_fr_telerama line 1189.
Use of uninitialized value $chname in pattern match (m//) at /home/runner/work/xmltv/xmltv/scripts/tv_grab_fr_telerama/tv_grab_fr_telerama line 1192.
Use of uninitialized value $chname in pattern match (m//) at /home/runner/work/xmltv/xmltv/scripts/tv_grab_fr_telerama/tv_grab_fr_telerama line 1189.
Use of uninitialized value $chname in pattern match (m//) at /home/runner/work/xmltv/xmltv/scripts/tv_grab_fr_telerama/tv_grab_fr_telerama line 1192.
Use of uninitialized value $chname in pattern match (m//) at /home/runner/work/xmltv/xmltv/scripts/tv_grab_fr_telerama/tv_grab_fr_telerama line 1189.
Use of uninitialized value $chname in pattern match (m//) at /home/runner/work/xmltv/xmltv/scripts/tv_grab_fr_telerama/tv_grab_fr_telerama line 1192.
Use of uninitialized value $chname in pattern match (m//) at /home/runner/work/xmltv/xmltv/scripts/tv_grab_fr_telerama/tv_grab_fr_telerama line 1189.
Use of uninitialized value $chname in pattern match (m//) at /home/runner/work/xmltv/xmltv/scripts/tv_grab_fr_telerama/tv_grab_fr_telerama line 1192.
Use of uninitialized value $chname in pattern match (m//) at /home/runner/work/xmltv/xmltv/scripts/tv_grab_fr_telerama/tv_grab_fr_telerama line 1189.
Use of uninitialized value $chname in pattern match (m//) at /home/runner/work/xmltv/xmltv/scripts/tv_grab_fr_telerama/tv_grab_fr_telerama line 1192.
Use of uninitialized value $chname in pattern match (m//) at /home/runner/work/xmltv/xmltv/scripts/tv_grab_fr_telerama/tv_grab_fr_telerama line 1189.
Use of uninitialized value $chname in pattern match (m//) at /home/runner/work/xmltv/xmltv/scripts/tv_grab_fr_telerama/tv_grab_fr_telerama line 1192.
Use of uninitialized value $chname in pattern match (m//) at /home/runner/work/xmltv/xmltv/scripts/tv_grab_fr_telerama/tv_grab_fr_telerama line 1189.
Use of uninitialized value $chname in pattern match (m//) at /home/runner/work/xmltv/xmltv/scripts/tv_grab_fr_telerama/tv_grab_fr_telerama line 1192.
Use of uninitialized value $chname in pattern match (m//) at /home/runner/work/xmltv/xmltv/scripts/tv_grab_fr_telerama/tv_grab_fr_telerama line 1189.
Use of uninitialized value $chname in pattern match (m//) at /home/runner/work/xmltv/xmltv/scripts/tv_grab_fr_telerama/tv_grab_fr_telerama line 1192.
Use of uninitialized value $chname in pattern match (m//) at /home/runner/work/xmltv/xmltv/scripts/tv_grab_fr_telerama/tv_grab_fr_telerama line 1189.
Use of uninitialized value $chname in pattern match (m//) at /home/runner/work/xmltv/xmltv/scripts/tv_grab_fr_telerama/tv_grab_fr_telerama line 1192.
Use of uninitialized value $chname in pattern match (m//) at /home/runner/work/xmltv/xmltv/scripts/tv_grab_fr_telerama/tv_grab_fr_telerama line 1189.
Use of uninitialized value $chname in pattern match (m//) at /home/runner/work/xmltv/xmltv/scripts/tv_grab_fr_telerama/tv_grab_fr_telerama line 1192.
Use of uninitialized value $chname in pattern match (m//) at /home/runner/work/xmltv/xmltv/scripts/tv_grab_fr_telerama/tv_grab_fr_telerama line 1189.
Use of uninitialized value $chname in pattern match (m//) at /home/runner/work/xmltv/xmltv/scripts/tv_grab_fr_telerama/tv_grab_fr_telerama line 1192.
Use of uninitialized value $chname in pattern match (m//) at /home/runner/work/xmltv/xmltv/scripts/tv_grab_fr_telerama/tv_grab_fr_telerama line 1189.
Use of uninitialized value $chname in pattern match (m//) at /home/runner/work/xmltv/xmltv/scripts/tv_grab_fr_telerama/tv_grab_fr_telerama line 1192.
Use of uninitialized value $chname in pattern match (m//) at /home/runner/work/xmltv/xmltv/scripts/tv_grab_fr_telerama/tv_grab_fr_telerama line 1189.
Use of uninitialized value $chname in pattern match (m//) at /home/runner/work/xmltv/xmltv/scripts/tv_grab_fr_telerama/tv_grab_fr_telerama line 1192.
Use of uninitialized value $chname in pattern match (m//) at /home/runner/work/xmltv/xmltv/scripts/tv_grab_fr_telerama/tv_grab_fr_telerama line 1189.
Use of uninitialized value $chname in pattern match (m//) at /home/runner/work/xmltv/xmltv/scripts/tv_grab_fr_telerama/tv_grab_fr_telerama line 1192.
Use of uninitialized value $chname in pattern match (m//) at /home/runner/work/xmltv/xmltv/scripts/tv_grab_fr_telerama/tv_grab_fr_telerama line 1189.
Use of uninitialized value $chname in pattern match (m//) at /home/runner/work/xmltv/xmltv/scripts/tv_grab_fr_telerama/tv_grab_fr_telerama line 1192.
Use of uninitialized value $chname in pattern match (m//) at /home/runner/work/xmltv/xmltv/scripts/tv_grab_fr_telerama/tv_grab_fr_telerama line 1189.
Use of uninitialized value $chname in pattern match (m//) at /home/runner/work/xmltv/xmltv/scripts/tv_grab_fr_telerama/tv_grab_fr_telerama line 1192.
Use of uninitialized value $chname in pattern match (m//) at /home/runner/work/xmltv/xmltv/scripts/tv_grab_fr_telerama/tv_grab_fr_telerama line 1189.
Use of uninitialized value $chname in pattern match (m//) at /home/runner/work/xmltv/xmltv/scripts/tv_grab_fr_telerama/tv_grab_fr_telerama line 1192.
Use of uninitialized value $chname in pattern match (m//) at /home/runner/work/xmltv/xmltv/scripts/tv_grab_fr_telerama/tv_grab_fr_telerama line 1189.
Use of uninitialized value $chname in pattern match (m//) at /home/runner/work/xmltv/xmltv/scripts/tv_grab_fr_telerama/tv_grab_fr_telerama line 1192.
Use of uninitialized value $chname in pattern match (m//) at /home/runner/work/xmltv/xmltv/scripts/tv_grab_fr_telerama/tv_grab_fr_telerama line 1189.
Use of uninitialized value $chname in pattern match (m//) at /home/runner/work/xmltv/xmltv/scripts/tv_grab_fr_telerama/tv_grab_fr_telerama line 1192.
Use of uninitialized value $chname in pattern match (m//) at /home/runner/work/xmltv/xmltv/scripts/tv_grab_fr_telerama/tv_grab_fr_telerama line 1189.
Use of uninitialized value $chname in pattern match (m//) at /home/runner/work/xmltv/xmltv/scripts/tv_grab_fr_telerama/tv_grab_fr_telerama line 1192.
Use of uninitialized value $chname in pattern match (m//) at /home/runner/work/xmltv/xmltv/scripts/tv_grab_fr_telerama/tv_grab_fr_telerama line 1189.
Use of uninitialized value $chname in pattern match (m//) at /home/runner/work/xmltv/xmltv/scripts/tv_grab_fr_telerama/tv_grab_fr_telerama line 1192.
Use of uninitialized value $chname in pattern match (m//) at /home/runner/work/xmltv/xmltv/scripts/tv_grab_fr_telerama/tv_grab_fr_telerama line 1189.
Use of uninitialized value $chname in pattern match (m//) at /home/runner/work/xmltv/xmltv/scripts/tv_grab_fr_telerama/tv_grab_fr_telerama line 1192.
Use of uninitialized value $chname in pattern match (m//) at /home/runner/work/xmltv/xmltv/scripts/tv_grab_fr_telerama/tv_grab_fr_telerama line 1189.
Use of uninitialized value $chname in pattern match (m//) at /home/runner/work/xmltv/xmltv/scripts/tv_grab_fr_telerama/tv_grab_fr_telerama line 1192.
Use of uninitialized value $chname in pattern match (m//) at /home/runner/work/xmltv/xmltv/scripts/tv_grab_fr_telerama/tv_grab_fr_telerama line 1189.
Use of uninitialized value $chname in pattern match (m//) at /home/runner/work/xmltv/xmltv/scripts/tv_grab_fr_telerama/tv_grab_fr_telerama line 1192.
Use of uninitialized value $chname in pattern match (m//) at /home/runner/work/xmltv/xmltv/scripts/tv_grab_fr_telerama/tv_grab_fr_telerama line 1189.
Use of uninitialized value $chname in pattern match (m//) at /home/runner/work/xmltv/xmltv/scripts/tv_grab_fr_telerama/tv_grab_fr_telerama line 1192.
Use of uninitialized value $chname in pattern match (m//) at /home/runner/work/xmltv/xmltv/scripts/tv_grab_fr_telerama/tv_grab_fr_telerama line 1189.
Use of uninitialized value $chname in pattern match (m//) at /home/runner/work/xmltv/xmltv/scripts/tv_grab_fr_telerama/tv_grab_fr_telerama line 1192.
Use of uninitialized value $chname in pattern match (m//) at /home/runner/work/xmltv/xmltv/scripts/tv_grab_fr_telerama/tv_grab_fr_telerama line 1189.
Use of uninitialized value $chname in pattern match (m//) at /home/runner/work/xmltv/xmltv/scripts/tv_grab_fr_telerama/tv_grab_fr_telerama line 1192.
Use of uninitialized value $chname in pattern match (m//) at /home/runner/work/xmltv/xmltv/scripts/tv_grab_fr_telerama/tv_grab_fr_telerama line 1189.
Use of uninitialized value $chname in pattern match (m//) at /home/runner/work/xmltv/xmltv/scripts/tv_grab_fr_telerama/tv_grab_fr_telerama line 1192.
Use of uninitialized value $chname in pattern match (m//) at /home/runner/work/xmltv/xmltv/scripts/tv_grab_fr_telerama/tv_grab_fr_telerama line 1189.
Use of uninitialized value $chname in pattern match (m//) at /home/runner/work/xmltv/xmltv/scripts/tv_grab_fr_telerama/tv_grab_fr_telerama line 1192.
Use of uninitialized value $chname in pattern match (m//) at /home/runner/work/xmltv/xmltv/scripts/tv_grab_fr_telerama/tv_grab_fr_telerama line 1189.
Use of uninitialized value $chname in pattern match (m//) at /home/runner/work/xmltv/xmltv/scripts/tv_grab_fr_telerama/tv_grab_fr_telerama line 1192.
Use of uninitialized value $chname in pattern match (m//) at /home/runner/work/xmltv/xmltv/scripts/tv_grab_fr_telerama/tv_grab_fr_telerama line 1189.
Use of uninitialized value $chname in pattern match (m//) at /home/runner/work/xmltv/xmltv/scripts/tv_grab_fr_telerama/tv_grab_fr_telerama line 1192.
Use of uninitialized value $chname in pattern match (m//) at /home/runner/work/xmltv/xmltv/scripts/tv_grab_fr_telerama/tv_grab_fr_telerama line 1189.
Use of uninitialized value $chname in pattern match (m//) at /home/runner/work/xmltv/xmltv/scripts/tv_grab_fr_telerama/tv_grab_fr_telerama line 1192.
Use of uninitialized value $chname in pattern match (m//) at /home/runner/work/xmltv/xmltv/scripts/tv_grab_fr_telerama/tv_grab_fr_telerama line 1189.
Use of uninitialized value $chname in pattern match (m//) at /home/runner/work/xmltv/xmltv/scripts/tv_grab_fr_telerama/tv_grab_fr_telerama line 1192.
Use of uninitialized value $chname in pattern match (m//) at /home/runner/work/xmltv/xmltv/scripts/tv_grab_fr_telerama/tv_grab_fr_telerama line 1189.
Use of uninitialized value $chname in pattern match (m//) at /home/runner/work/xmltv/xmltv/scripts/tv_grab_fr_telerama/tv_grab_fr_telerama line 1192.
getting listings: (nothing to do)
Aucun programme pour la chaîne 535 LM TV Sarthe le 2022-11-04
Aucun programme pour la chaîne 539 TVR Rennes 35 Bretagne le 2022-11-04
Aucun programme pour la chaîne 540 TV Tours le 2022-11-04
Aucun programme pour la chaîne 1045 Mirabelle TV le 2022-11-04
Aucun programme pour la chaîne 1280 Ketnet le 2022-11-04
Aucun programme pour la chaîne 1921 France 3 Alpes le 2022-11-04
Aucun programme pour la chaîne 1922 France 3 Alsace le 2022-11-04
Aucun programme pour la chaîne 1923 France 3 Aquitaine le 2022-11-04
Aucun programme pour la chaîne 1924 France 3 Auvergne le 2022-11-04
Aucun programme pour la chaîne 1925 France 3 Basse-Normandie le 2022-11-04
Aucun programme pour la chaîne 1926 France 3 Bourgogne le 2022-11-04
Aucun programme pour la chaîne 1927 France 3 Bretagne le 2022-11-04
Aucun programme pour la chaîne 1928 France 3 Centre-Val de Loire le 2022-11-04
Aucun programme pour la chaîne 1929 France 3 Champagne-Ardennes le 2022-11-04
Aucun programme pour la chaîne 1931 France 3 Côte d'Azur le 2022-11-04
Aucun programme pour la chaîne 1932 France 3 Franche-Comté le 2022-11-04
getting listings: (nothing to do)
Aucun programme pour la chaîne 1933 France 3 Haute-Normandie le 2022-11-04
Aucun programme pour la chaîne 1934 France 3 Languedoc-Roussillon le 2022-11-04
Aucun programme pour la chaîne 1935 France 3 Limousin le 2022-11-04
Aucun programme pour la chaîne 1936 France 3 Lorraine le 2022-11-04
Aucun programme pour la chaîne 1937 France 3 Midi-Pyrénées le 2022-11-04
Aucun programme pour la chaîne 1938 France 3 Nord Pas-de-Calais le 2022-11-04
Aucun programme pour la chaîne 1939 France 3 Paris Ile-de-France le 2022-11-04
Aucun programme pour la chaîne 1940 France 3 Pays de la Loire le 2022-11-04
Aucun programme pour la chaîne 1941 France 3 Picardie le 2022-11-04
Aucun programme pour la chaîne 1942 France 3 Poitou-Charentes le 2022-11-04
Aucun programme pour la chaîne 1943 France 3 Provence-Alpes le 2022-11-04
Aucun programme pour la chaîne 1944 France 3 Rhône-Alpes le 2022-11-04
Aucun programme pour la chaîne 3163 Culturebox le 2022-11-04
Grabber process finished in 533 seconds for 86 chans, 238 api calls : 233 api_casting, 4 api_grille, 1 api_init, 28 cached api_casting
