tv_grab_fr_telerama, 2026-02-13 22:24:16
----------------------------------------
                                                  getting listings...Aucun programme pour la chaîne 50 RTL club le 2026-02-18
Aucun programme pour la chaîne 59 SRF 1 le 2026-02-18
Aucun programme pour la chaîne 64 Equidia le 2026-02-18
Aucun programme pour la chaîne 202 RTS 1 le 2026-02-18
Aucun programme pour la chaîne 205 TV5 Monde FBS le 2026-02-18
Aucun programme pour la chaîne 206 La 1 le 2026-02-18
Aucun programme pour la chaîne 207 La 2 le 2026-02-18
Aucun programme pour la chaîne 232 TV5 monde le 2026-02-18
Aucun programme pour la chaîne 240 Nouvelle-Calédonie 1ère le 2026-02-18
Aucun programme pour la chaîne 245 Réunion 1ère le 2026-02-18
Aucun programme pour la chaîne 254 AB3 Channel le 2026-02-18
Aucun programme pour la chaîne 260 Guyane 1ère le 2026-02-18
Aucun programme pour la chaîne 273 TV7 Bordeaux le 2026-02-18
Aucun programme pour la chaîne 303 AB Xplore le 2026-02-18
Aucun programme pour la chaîne 308 France 3 Corse Via Stella le 2026-02-18
Aucun programme pour la chaîne 340 2M Maroc le 2026-02-18
Aucun programme pour la chaîne 377 RTL plug le 2026-02-18
Aucun programme pour la chaîne 421 8 Mont Blanc le 2026-02-18
Aucun programme pour la chaîne 449 Télésud le 2026-02-18
Aucun programme pour la chaîne 451 Ushuaïa TV le 2026-02-18
Aucun programme pour la chaîne 491 Télénantes le 2026-02-18
Aucun programme pour la chaîne 529 France 24 le 2026-02-18
Aucun programme pour la chaîne 701 20 minutes TV le 2026-02-18
Aucun programme pour la chaîne 892 La Trois le 2026-02-18
Aucun programme pour la chaîne 1073 BFM Business le 2026-02-18
Aucun programme pour la chaîne 2544 Arte Belgique le 2026-02-18
Grabber process finished in 3089 seconds for 76 chans, 1279 api calls : 1278 api_casting, 1 api_grille, 0 cached api_casting
